<?xml version="1.0" encoding="UTF-8"?>
<!-- Generated by org.testng.reporters.JUnitReportReporter -->
<testsuite hostname="Veeresham" failures="0" tests="4" name="framework.Method" time="0.056" errors="0" timestamp="2019-10-29T20:57:42 IST" skipped="0">
  <testcase classname="framework.Method" name="method3" time="0.007"/>
  <testcase classname="framework.Method" name="method2" time="0.007"/>
  <testcase classname="framework.Method" name="method1" time="0.035"/>
  <testcase classname="framework.Method" name="method4" time="0.007"/>
</testsuite> <!-- framework.Method -->
