<?xml version="1.0" encoding="UTF-8"?>
<!-- Generated by org.testng.reporters.JUnitReportReporter -->
<testsuite hostname="Veeresham" failures="0" tests="1" name="testNG.Qthout1" time="209.510" errors="0" timestamp="2019-11-01T20:00:57 IST" skipped="0">
  <testcase classname="testNG.Qthout1" name="Login" time="209.510"/>
</testsuite> <!-- testNG.Qthout1 -->
