<?xml version="1.0" encoding="UTF-8"?>
<!-- Generated by org.testng.reporters.JUnitReportReporter -->
<testsuite hostname="Veeresham" failures="0" tests="3" name="testNG.Test1" time="0.032" errors="0" timestamp="2019-11-01T20:00:57 IST" skipped="0">
  <testcase classname="testNG.Test1" name="sub" time="0.010"/>
  <testcase classname="testNG.Test1" name="mul" time="0.011"/>
  <testcase classname="testNG.Test1" name="add" time="0.011"/>
</testsuite> <!-- testNG.Test1 -->
