<?xml version="1.0" encoding="UTF-8"?>
<!-- Generated by org.testng.reporters.JUnitReportReporter -->
<testsuite hostname="Veeresham" failures="0" tests="3" name="testNG2.TestOne" time="0.107" errors="0" timestamp="2019-11-01T20:00:57 IST" skipped="0">
  <testcase classname="testNG2.TestOne" name="One" time="0.048"/>
  <testcase classname="testNG2.TestOne" name="Two" time="0.050"/>
  <testcase classname="testNG2.TestOne" name="Third" time="0.009"/>
</testsuite> <!-- testNG2.TestOne -->
