<?xml version="1.0" encoding="UTF-8"?>
<!-- Generated by org.testng.reporters.JUnitReportReporter -->
<testsuite hostname="Veeresham" failures="0" tests="3" name="testNG.TestOne" time="0.059" errors="0" timestamp="2019-11-01T18:51:20 IST" skipped="0">
  <testcase classname="testNG.TestOne" name="One" time="0.044"/>
  <testcase classname="testNG.TestOne" name="Two" time="0.012"/>
  <testcase classname="testNG.TestOne" name="Third" time="0.003"/>
</testsuite> <!-- testNG.TestOne -->
